<?xml version="1.0" encoding="UTF-8"?>
<!-- Generated by org.testng.reporters.JUnitReportReporter -->
<testsuite hostname="DESKTOP-4K8B47D" failures="0" tests="1" name="com.gsk.TestScripts.OrangeHRMTestScripts" time="144.372" errors="0" timestamp="2023-01-08T15:38:29 IST" skipped="0">
  <testcase classname="com.gsk.TestScripts.OrangeHRMTestScripts" name="login" time="144.372"/>
  <system-out/>
</testsuite> <!-- com.gsk.TestScripts.OrangeHRMTestScripts -->
